<?xml version="1.0" encoding="UTF-8"?>
<!-- Generated by org.testng.reporters.JUnitReportReporter -->
<testsuite skipped="0" hostname="Arpine-PC" name="tests.SignUp" tests="1" failures="0" timestamp="08 May 2017 17:18:29 GMT" time="8.288" errors="0">
  <testcase name="emptyFields" time="8.288" classname="tests.SignUp"/>
</testsuite> <!-- tests.SignUp -->
